Importing Ellen Veenstra
Importing Rijnmond Supplies B.V.
Importing Guyra International B.V.
Importing Studentenbureau
Importing MOBILE-EMOTIONS
Importing Dammes Koel- Vrieshuis
Importing Vakgarage Bodegraven
Importing Tricerat Software
Importing Frans van Wijk Tuinaanleg en Onderhoud
Importing ICT-Office
Importing Argeweb Consultancy BV
Importing Auto Muntstad B.V. (SEAT)
Importing Secomp Computer Products
Importing La Gro Advocaten
Importing Bloemmisterij De Klaproos
Importing Thijmen Verkerk
Importing Wassenaarse Golf Groendael
Importing Stichting Arbor Golf (732) 
Importing DL Vlaardingen
Importing Golfclub Duurswold
Importing DCN Declaratiecentrum Nederland bv
Importing Porsche-Service V.D. Gugten
Importing Boomerstory
Importing M&M Communicatie
Importing Kookservice Paul Schobben
Importing Golfclub Golfplus bv
Importing Stichting Voor Onafhankelijk Clubgolf
Importing LDR Airconditioning BV
Importing Compricon Nederland BV
Importing XLS Hosting
Importing ANWB Golf B.V.
Importing The Beef Company
Importing Ferry Balvert Installaties (F.B.I.)
Importing Golfclub Storm
Importing Golfbooking.nl
Importing Landal Aelderholt
Importing Utrechtse Golfclub De Pan
Importing Display Electronica
Importing Boska Holland BV
Importing Verweij Houttechniek B.V.
Importing Golfclub Broekpolder
Importing Brother International B.V.
Importing Buromex
Importing Exact Automatisering B.V.
Importing Karssen Kantoorservice
Importing La Gro Advocaten
Importing AKAM DATA bv
Importing Peek Autoservice
Importing Raad voor Handel en Industrie
Importing Star Reklame
Importing MMS BV
Importing Dhr. A. Koster
Importing Copaco Nederland B.V.
Importing Echte Bakker Ko van Daalen
Importing Tainic Technology B.V.
Importing Sovas bv
Importing Administratiekantoor Roos
Importing Akam Azlan B.V.
Importing Kraan & Roos Constructie B.V.
Importing Ir. M. van Abbe
Importing Vink Trading B.V.
Importing O.A. van der Beek
Importing J.M.H. Bruijntjes Assurantien
Importing Gardeslen Orthopaedie
Importing SynCount Accountants & Bel. Adviseurs BV
Importing Microsoft B.V. (TechNet Subscribtion)
Importing Noppe Orthopedie B.V.
Importing V.o.f. Bodegraafse Bewakingsdienst
Importing Compricon Nederland B.V.
Importing Golfclub De Hoge Kleij
Importing Schoonmaakbedrijf Nansink
Importing Select Containers B.V.
Importing Rutex
Importing Kon. Haagsche Golf en Country Club
Importing Evers Medica V.O.F. Roermond
Importing Nederlandse Golf Federatie
Importing Keurslager Kamerling
Importing Golfclub Almeerderhout
Importing KOS.txt B.V.
Importing Laban Foods
Importing Klaverblad Schadeverzekeringsmij NV
Importing MultiCopy Bodegraven
Importing Golfclub de Breuninkhof (2de pakket)
Importing Golfbaan De Rottebergen
Importing S. Romijn Schilder
Importing WiDij-Golfevents
Importing Wageningse Golfclub
Importing Doornbos Elektrotechniek
Importing Bistro De Bruggemeester
Importing Tandarts J.C. Baas
Importing Arbo Groep gak
Importing E. L. Kerkhoven
Importing De heer M.K. Joustra
Importing W.N. Kerkhoven
Importing Sybase Nederland B.V.
Importing Golfclub Zeegersloot
Importing Wassenaarse Golfclub Rozenstein
Importing Noordwijkse Golfclub
Importing Lochemse G & CC  "De Graafschap"
Importing ING Bank N.V.
Importing Amsterdamse Golf Club
Importing Kennemer Golf & Country Club
Importing Het Rijk van Nijmegen / Golfkring
Importing Golfclub De Hooge Bergsche
Importing Leidschendamse Golfver Leeuwenbergh
Importing TDS
Importing PollTec V.O.F.
Importing Golfclub Harderwold
Importing Golfvereniging Edda Huzid
Importing R.W. Segaar
Importing L.A.R. Luder
Importing Gesman Bouwglas
Importing Rest. Golfclub Broekpolder
Importing Golfclub Bois Le Duc
Importing Golfclub Son
Importing BV Golfbaan Rijswijk
Importing Golfvereniging De Batouwe
Importing Rosendaelsche Golfclub
Importing Golfclub IJsselweide
Importing Veluwse Golfclub
Importing Golfclub Wouwse Plantage
Importing Golf & Country Club Capelle a/d IJssel
Importing Golfclub Cromstrijen
Importing Rutec engineering bv
Importing Edese Golfclub
Importing Mr. E. Lievens
Importing Golfclub Efteling
Importing Goese Golf Club
Importing Golfcourse de Maasduinen b.v. (Peelse)
Importing Dammes Laban Logistics
Importing PC-Pos Benelux B.V.
Importing Golfclub 'Oude Maas'
Importing Golfclub Dorhout Mees
Importing Stichting Exploitatie Golfclub Driene
Importing Kesler
Importing Golfclub Roxenisse
Importing Golfclub Martensplek
Importing EUROHILL BV
Importing Golfclub het Langeloo
Importing Stichting Golf Duinzicht
Importing Vereniging GC Amstelborgh
Importing Golf & Country Club 'Hooge Graven'
Importing Golfclub BurgGolf Wijchen
Importing Golfclub BurgGolf St. Nicolaasga
Importing Golfclub BurgGolf Purmerend
Importing Golfclub BurgGolf Zoetermeer
Importing Nooteboom Profile Tyrecenter
Importing Melforest Management B.V.
Importing Golfclub BurgGolf Haverleij
Importing NTS Computers bv
Importing Golfclub 'de Koepel'
Importing A1 Touch Solution
Importing Drentsche Golf & Country Club
Importing Horeca Exploitatie Cromstrijen BV
Importing Golfvereniging GolfHorst
Importing Valadis
Importing Faceworks bv
Importing Kraan- en Transportbedrijf van der Tol  
Importing Top of Holland Golf
Importing Goyer Golf & Country Club B.V.
Importing Golfclub Burggolf Gendersteyn
Importing De Geer Golf
Importing Kennedy v/d Laan Advocaten
Importing Graphic Design
Importing Riggeling Makelaars b.v. 
Importing Golfbaan "de Hoge Dijk"
Importing Golf & Country Club 'De Tongelreep'
Importing Autospuiterij Zaal
Importing Heemskerkse Golfclub
Importing Administratiekantoor Hamstra
Importing St. Golf & Country Club Backerbosch
Importing Evers Medica Sittard BV
Importing Golf Centrum Rotterdam
Importing Golfvereniging Beemster
Importing Golf & Country Club Winterswijk
Importing Van Donselaar Ter Wal Notarissen
Importing Golfclub Kralingen
Importing Golfclub De Merwelanden
Importing Nell Schilders & Behangers
Importing BTG Special Products B.V.
Importing J.W.S. Pennings
Importing Rob van den Bor
Importing ROCC Interactiemarketing
Importing Golfclub Ockenburgh
Importing St. Software voor Welzijn
Importing M. (Marcel) Onderstal
Importing Noordhollandse Golfclub
Importing Golfclub 't Zelle
Importing Burggraaff Melkwinning B.V.
Importing Vereniging Golfclub Landgoed Bergvliet
Importing Golfbaan "De Voortwisch"
Importing Stichting Golfbaan Delfland
Importing Dammes Laban Warehousing
Importing St. Golfbaan Ockenburg
Importing Golfclub Hoogvaals
Importing Golfclub De Heelsumse/St. Golf Renkum
Importing International Pairs Europe
Importing Golf & Recreatie Haarlemmermeer bv
Importing Golf Media
Importing Marine Golf Club "Nieuwediep"
Importing Golfclub de Lage Mors
Importing Golfclub Liemeer
Importing NGV bv
Importing NOVVG
Importing Mark Verhagen
Importing De Zuid-Limburgse Golf & Country Club
Importing Golf & Country Club Crossmoor
Importing Domburgsche Golfclub
Importing Drentse Golfclub 'De Gelpenberg'
Importing Eindhovensche Golf
Importing Golf & Country Club 'Geijsteren' 
Importing Golf & Country Club Engelenburg
Importing Golf & Country Club Herkenbosch
Importing Hoenshuis Golf BV
Importing Golf & Country Club Lauswolt 
Importing Golfbaan Welderen
Importing Golfclub De Haenen  
Importing Golfclub  't Jagerspaadje 
Importing Stichting Golfpark Spandersbosch
Importing Golfclub Albatross
Importing Golfclub  Amsterdam Old Course 
Importing Golfclub Anderstein
Importing Golfclub Brunssummerheide 
Importing Golfclub De Breuninkhof
Importing Stichting de Compagnie 
Importing Golfclub De Dommel
Importing Leeuwarder Golfclub De Groene Ster
Importing Golfclub 'de Semslanden'
Importing Golfclub De Vijf Margen 
Importing Golfclub "Landgoed Nieuwkerk" 
Importing Golfclub Flevoland 
Importing Grevelingenhout Golf BV
Importing Golfclub  Havelte
Importing Golfclub Kagerzoom
Importing Golfclub  Princenbosch 
Importing Golfclub 'Kleiburg'
Importing Utrechtse Golfclub Amelisweerd
Importing Golf Club Prise d'Eau 
Importing Hitland
Importing Golfclub Veldzijde 
Importing Haagsche Countryclub Groen-Geel
Importing Golfclub Zeewolde 
Importing Golfclub Zwolle 
Importing Golfclub De Lingewaelsche 
Importing Golfvereniging De Hooge Vorssel
Importing Hattemse Golf & Country Club
Importing Hilversumsche Golfclub 
Importing Mop Golfvereniging "Ons Buiten"
Importing Nieuwegeinse Golfclub 
Importing Noord Nederlandse Golf & Country Club 
Importing Noord-Brabantsche Golfclub 'Toxandria'
Importing Nunspeetse GV 'De Verwaeyde Sandbergen'
Importing Oosterhoutse GolfClub 
Importing Open Golfclub Olympus 
Importing Zaanse Golfclub 
Importing Sallandsche Golfclub 'De Hoek'
Importing Twentsche Golfclub 
Importing De Waterlandse Golfcub
Importing Westfriese Golfclub 
Importing Golfclub Heidemeer 
Importing Golfclub De Scherpenbergh 
Importing Golfclub Ooghduyne 
Importing Golfclub Holthuizen
Importing Golfclub Weesp 
Importing Golfclub Kromme Rijn
Importing Golfclub Marienweide 
Importing Golfclub De Kurenpolder 
Importing Golfvereniging Ameland
Importing Golfclub Golfesidentie Dronten 
Importing Golf & Country Club  't Sybrook
Importing Echte Bakker Ko van Daalen
Importing Burggolf
Importing My Electronics
Importing Golfclub Prinses Wilhelmina
Importing Golfclub De Hildenberg
Importing St. Exploitatie Golfbaan Emmeloord
Importing Nederlandse Studenten Golf Vereniging
Importing Openbare Golfclub Dronten
............................................Could not get calendar for .............................................................................................................................................................................................................................................................................................................................................................................................................................................................................................................................................................................................................................................................................................................................................................................................................................................................................................................................................................................................................................................................................................................................................................................................................................................................................................................................................................................................................................................................................................................................................................................................................................................................................................................................................................................................................................................................................................................................................................................................................................................................................................................................................................................................................................................................................................................................................................................................................................................................................................................................................................................................................................................................................................................................................................................................................................................................................................................................................................................................................................................................................................................................................................................................................................................................................................................................................................................................................................................................................................................................................................................................................................................................................................................................................................................................................................................................................................................................................................................................................................................................................................................................................................................................................................................................................................................................................................................................................................................................................................................................................................................................................................................................................................................................................................................................................................................................................................................................................................................................array(4) {
  [0]=>
  string(5) "13158"
  [1]=>
  string(9) "21-1-1998"
  [2]=>
  string(0) ""
  [3]=>
  string(67) "Naar toe, streamer probleem\",,J,,PW,5993,14449,8-11-2006 15:06:28""
}
...............................................................................................................................................................................................................................................................................................................................................................................................................................................................................................................................................................................................................................................................................................................................................................................................................................................................................................................................................................................................................................................................................................................................................................................................................................................................................................................................................................................................................................................................................................................................................................................................................................................................................................................................................................................................................................................................................................................................................................................................................................................................................................................................................................................................................................................................................................................................................................................................................................................................................................................................................................................................................................................................................................................................................................................................................................................................................................................................................................................................................................................................................................................................................................................................................................................................................................................................................................................................................................................................................................................................................................................................................................................................................................................................................................................................................................................................................................................................................................................................................................................................................................................................................................................................................................................................................................................................................................................................................................................................................................................................................................................................................................................................................................................................................................................................................................................................................................................................................................................................................................................................................................................................................................................................................................................................................................................................................................................................................................................................................................................................................................................................................................................................................................................................................................................................................................................................................................................................................................................................................................................................................................................................................................................................................................................................................................................................................................................................................................................................................................................................................................................................................................................................................................................................................................................................................................................................................................................................................................................................................................................................................................................................................................................................................................................................................................................................................................................................................................................................................................................................................................................................................................................................................................................................................................................................................................................................................................................................................................................................................................................................................................................................................................................................................................................................................................................................................................................................................................................................................................................................................................................................................................................................................................................................................................................................................................................................................................................................................................................................................................................................................................................................................................................................................................................................................................................................................................................................................................................................................................................................................................................................................................................................................................................................................................................................................................................................................................................................................................................................................................................................................................................................................................................................................................................................................................................................................................................................................................................................................................................................................................................................................................................................................................................................................................................................................................................................................................................................................................................................................................................................................................................................................................................................................................................................................................................................................................................................................................................................................................................................................................................................................................................................................................................................................................................................................................................................................................................................................................................................................................................................................................................................................................................................................................................................................................................................